Thumbs.db
*~
*.test
.git*
.gitignore
.project
.settings*
.externalToolBuilders
.externalToolBuilders/*
EspruinoSerialTerminal.zip
EspruinoTools/.git*
EspruinoTools/plugins/_examplePlugin.js
EspruinoTools/node_modules/*
tmp
extras*
unused/*
unused
img/bak/*
node_modules/*
node_modules
js/plugins/_examplePlugin.js

# CLI suff
EspruinoTools/index.js
EspruinoTools/bin/espruino-cli.js
EspruinoTools/plugins/localModules.js
EspruinoTools/core/notifications.js
# Online stuff
relay
webapp_manifest.json
# Electron/nw.js stuff
package.json
nw-loader.js
electron-loader.js
electron-app.js
js/electron-hacks.js
js/plugins/_examplePlugin.js
/index.html
/upload.html
server.js
serviceworker.js
*.sh
EspruinoWebIDE.zip
README.md
